[debug] [2024-07-23T00:57:47.147Z] ----------------------------------------------------------------------
[debug] [2024-07-23T00:57:47.150Z] Command:       /usr/local/nvm/versions/node/v20.15.1/bin/node /usr/local/nvm/versions/node/v20.15.1/bin/firebase login
[debug] [2024-07-23T00:57:47.150Z] CLI Version:   13.13.3
[debug] [2024-07-23T00:57:47.150Z] Platform:      linux
[debug] [2024-07-23T00:57:47.150Z] Node Version:  v20.15.1
[debug] [2024-07-23T00:57:47.151Z] Time:          Tue Jul 23 2024 00:57:47 GMT+0000 (Coordinated Universal Time)
[debug] [2024-07-23T00:57:47.151Z] ----------------------------------------------------------------------
[debug] 
[debug] [2024-07-23T00:57:47.153Z] >>> [apiv2][query] GET https://firebase-public.firebaseio.com/cli.json [none]
[info] i  Firebase optionally collects CLI and Emulator Suite usage and error reporting information to help improve our products. Data is collected in accordance with Google's privacy policy (https://policies.google.com/privacy) and is not used to identify you.
 
[debug] [2024-07-23T00:57:47.672Z] <<< [apiv2][status] GET https://firebase-public.firebaseio.com/cli.json 200
[debug] [2024-07-23T00:57:47.672Z] <<< [apiv2][body] GET https://firebase-public.firebaseio.com/cli.json {"cloudBuildErrorAfter":1594252800000,"cloudBuildWarnAfter":1590019200000,"defaultNode10After":1594252800000,"minVersion":"3.0.5","node8DeploysDisabledAfter":1613390400000,"node8RuntimeDisabledAfter":1615809600000,"node8WarnAfter":1600128000000}
[info] i  To change your data collection preference at any time, run `firebase logout` and log in again. 
[info] 
[info] Visit this URL on this device to log in:
[info] https://accounts.google.com/o/oauth2/auth?client_id=563584335869-fgrhgmd47bqnekij5i8b5pr03ho849e6.apps.googleusercontent.com&scope=email%20openid%20https%3A%2F%2Fwww.googleapis.com%2Fauth%2Fcloudplatformprojects.readonly%20https%3A%2F%2Fwww.googleapis.com%2Fauth%2Ffirebase%20https%3A%2F%2Fwww.googleapis.com%2Fauth%2Fcloud-platform&response_type=code&state=143656212&redirect_uri=http%3A%2F%2Flocalhost%3A9005
[info] 
[info] Waiting for authentication...
[debug] [2024-07-23T01:02:44.516Z] ----------------------------------------------------------------------
[debug] [2024-07-23T01:02:44.520Z] Command:       /usr/local/nvm/versions/node/v20.15.1/bin/node /usr/local/nvm/versions/node/v20.15.1/bin/firebase login:ci
[debug] [2024-07-23T01:02:44.521Z] CLI Version:   13.13.3
[debug] [2024-07-23T01:02:44.521Z] Platform:      linux
[debug] [2024-07-23T01:02:44.521Z] Node Version:  v20.15.1
[debug] [2024-07-23T01:02:44.522Z] Time:          Tue Jul 23 2024 01:02:44 GMT+0000 (Coordinated Universal Time)
[debug] [2024-07-23T01:02:44.522Z] ----------------------------------------------------------------------
[debug] 
[warn] ⚠  Authenticating with a `login:ci` token is deprecated and will be removed in a future major version of `firebase-tools`. Instead, use a service account key with `GOOGLE_APPLICATION_CREDENTIALS`: https://cloud.google.com/docs/authentication/getting-started 
[info] 
[info] Visit this URL on this device to log in:
[info] https://accounts.google.com/o/oauth2/auth?client_id=563584335869-fgrhgmd47bqnekij5i8b5pr03ho849e6.apps.googleusercontent.com&scope=email%20openid%20https%3A%2F%2Fwww.googleapis.com%2Fauth%2Fcloudplatformprojects.readonly%20https%3A%2F%2Fwww.googleapis.com%2Fauth%2Ffirebase%20https%3A%2F%2Fwww.googleapis.com%2Fauth%2Fcloud-platform&response_type=code&state=1049412240&redirect_uri=http%3A%2F%2Flocalhost%3A9005
[info] 
[info] Waiting for authentication...
[debug] [2024-07-23T01:03:48.676Z] ----------------------------------------------------------------------
[debug] [2024-07-23T01:03:48.679Z] Command:       /usr/local/nvm/versions/node/v20.15.1/bin/node /usr/local/nvm/versions/node/v20.15.1/bin/firebase login
[debug] [2024-07-23T01:03:48.680Z] CLI Version:   13.13.3
[debug] [2024-07-23T01:03:48.680Z] Platform:      linux
[debug] [2024-07-23T01:03:48.680Z] Node Version:  v20.15.1
[debug] [2024-07-23T01:03:48.680Z] Time:          Tue Jul 23 2024 01:03:48 GMT+0000 (Coordinated Universal Time)
[debug] [2024-07-23T01:03:48.680Z] ----------------------------------------------------------------------
[debug] 
[info] i  Firebase optionally collects CLI and Emulator Suite usage and error reporting information to help improve our products. Data is collected in accordance with Google's privacy policy (https://policies.google.com/privacy) and is not used to identify you.
 
[info] i  To change your data collection preference at any time, run `firebase logout` and log in again. 
[info] 
[info] Visit this URL on this device to log in:
[info] https://accounts.google.com/o/oauth2/auth?client_id=563584335869-fgrhgmd47bqnekij5i8b5pr03ho849e6.apps.googleusercontent.com&scope=email%20openid%20https%3A%2F%2Fwww.googleapis.com%2Fauth%2Fcloudplatformprojects.readonly%20https%3A%2F%2Fwww.googleapis.com%2Fauth%2Ffirebase%20https%3A%2F%2Fwww.googleapis.com%2Fauth%2Fcloud-platform&response_type=code&state=524708728&redirect_uri=http%3A%2F%2Flocalhost%3A9005
[info] 
[info] Waiting for authentication...
